<?xml version="1.0" encoding="UTF-8"?>
<!-- Generated by org.testng.reporters.JUnitReportReporter -->
<testsuite hostname="DESKTOP-L7KA4J9" name="TestCase.Create_Opertuniy" tests="1" failures="0" timestamp="27 May 2017 09:07:08 GMT" time="67.471" errors="0">
  <testcase name="Testcase01" time="67.471" classname="TestCase.Create_Opertuniy"/>
</testsuite> <!-- TestCase.Create_Opertuniy -->
