<?xml version="1.0" encoding="UTF-8"?>
<!-- Generated by org.testng.reporters.JUnitReportReporter -->
<testsuite hostname="DESKTOP-L7KA4J9" name="TestCase.Create_Opertunity" tests="1" failures="0" timestamp="3 Jun 2017 17:01:04 GMT" time="88.268" errors="0">
  <testcase name="Testcase01" time="88.268" classname="TestCase.Create_Opertunity"/>
</testsuite> <!-- TestCase.Create_Opertunity -->
